1589312 736120
1560092 736132
1526544 736172
1497984 736172
1470384 736172
1443264 736172
1419264 736176
1395144 736176
1370664 736176
1346244 736176
1320444 736176
1294824 736176
1269264 736176
1245144 736176
1220664 736176
1193964 736176
1166484 736176
1139064 736176
1111464 736176
1083924 736176
1056808 736176
1031368 736176
1004308 736176
977628 736176
950844 736176
923304 736176
895944 736176
868400 736176
840920 736176
813200 736176
786376 736176
759196 736176
731596 736176
704536 736176
676992 736176
648252 736176
619512 736176
593296 736176
566648 736176
539468 736176
511868 736176
484444 736176
457684 736176
430204 736176
402840 736176
375540 736176
348060 736176
320760 736176
293456 736176
266036 736176
238616 736176
211132 736176
183832 736176
156232 736176
128692 736176
101208 736176
73848 736176
80432 735892
65276 735892
68256 735164
80592 731928
71728 713732
74628 673304
73160 639256
73160 601112
74992 574180
64704 546848
82872 500572
68604 487960
74904 448700
76316 416068
68484 397192
69088 366104
66924 336332
70104 304956
63328 267584
68484 252972
71796 203276
77000 173648
77844 145736
63260 117180
64344 99928
72984 63496
77216 27700
66564 20448
67332 0
783036 439644
750636 440676
724116 440676
697596 440676
669456 440676
640836 440676
612216 440676
583536 440676
554676 440676
520716 440676
491796 440676
463116 440676
434496 440676
405756 440676
377436 440676
348216 440676
319476 440676
290616 440676
261936 440676
233076 440676
204276 440676
175476 440676
147096 440676
118656 440676
89676 440676
60996 440676
70836 414208
84340 366160
72596 344152
67796 303728
68636 294012
73256 264332
67676 237896
68100 213000
74156 168544
66776 150560
67012 96952
68440 74284
69084 38896
81428 0
1709120 729968
1699664 730636
1699552 730636
1698832 730636
1698832 730636
1698832 730636
1698832 730636
1698832 730636
1698832 730636
1698772 730636
1698592 730636
1698652 730636
1698652 730636
1698532 730636
1698532 730636
1698652 730636
1698592 730636
1698472 730636
1698472 730636
1698472 730636
1698472 730636
1698052 730636
1697992 730636
1698052 730636
1698052 730636
1697992 730636
1698052 730636
1697992 730636
1698052 730636
1698052 730636
1698052 730636
1697992 730636
1697992 730636
1698052 730636
1697992 730636
1697992 730636
1697992 730636
1697992 730636
1697992 730636
1697992 730636
1697992 730636
1694752 730648
1694812 730648
1694812 730648
1694812 730648
1694812 730648
1694812 730648
1694812 730648
1694752 730648
1694752 730648
1694752 730648
1694812 730648
1694752 730648
1694752 730648
1694752 730648
1694752 730648
1694752 730648
1694752 730648
1694752 730648
1694752 730648
1694752 730648
1694752 730648
1694752 730648
1694572 730648
1694692 730648
1694692 730648
1694692 730648
1694692 730648
1694572 730648
1694692 730648
1694692 730648
1694632 730648
1694692 730648
1694632 730648
1694692 730648
1694632 730648
1694632 730648
1694692 730648
1694632 730648
1694632 730648
1694632 730648
1692832 730648
1692892 730648
1692892 730648
1692892 730648
1693192 730648
1692892 730648
1692892 730648
1692892 730648
1692832 730648
1692832 730648
1692832 730648
1692832 730648
1692832 730648
1692832 730648
1692832 730648
1692832 730648
1692772 730648
1692832 730648
1692832 730648
1692652 730648
1692712 730648
1692772 730648
1692772 730648
1692772 730648
1692772 730648
1692772 730648
1692652 730648
1692772 730648
1692772 730648
1692772 730648
1692652 730648
1692772 730648
1692772 730648
1692772 730648
1692652 730648
1692712 730648
1692772 730648
1692712 730648
1692712 730648
1612004 734056
1609424 734748
1609304 734776
1609364 734776
1609304 734776
1609304 734776
1609244 734776
1609244 734776
1609364 734776
1609304 734776
1609304 734776
1609244 734776
1609304 734776
1609304 734776
1609304 734776
1609184 734776
1609304 734776
1609244 734776
1609304 734776
1609304 734776
1609244 734776
1600424 735004
1600544 735004
1600484 735004
1600544 735004
1600544 735004
1600484 735004
1600484 735004
1600484 735004
1600484 735004
1600484 735004
1600484 735004
1600484 735004
1600484 735004
1600484 735004
1600484 735004
1600484 735004
1600484 735004
1600484 735004
1600424 735004
1600424 735004
1600424 735004
1600424 735004
1600424 735004
1600424 735004
1600364 735004
1600424 735004
1600424 735004
1600424 735004
1600424 735004
1600424 735004
1600364 735004
1600424 735004
1600244 735004
1600364 735004
1600364 735004
1600364 735004
1600304 735004
1600364 735004
1600304 735004
1600364 735004
1600304 735004
1600364 735004
1600304 735004
1600364 735004
1600304 735004
1600304 735004
1600304 735004
1600304 735004
1600304 735004
1600304 735004
1600304 735004
1600304 735004
1600304 735004
1600304 735004
1600304 735004
1600304 735004
1600244 735004
1600304 735004
1600244 735004
1600304 735004
1600304 735004
1600304 735004
1600244 735004
1600244 735004
1600244 735004
1600184 735004
1600304 735004
1600244 735004
1600244 735004
1600184 735004
1600184 735004
1600244 735004
1600184 735004
1600064 735008
1597836 735008
1599284 735008
1599344 735008
1599224 735008
1599284 735044
1599164 735044
1599224 735044
1598864 735044
1598924 735044
1598480 735044
1598804 735044
1598984 735044
1598924 735044
1598924 735044
1598864 735044
1597476 735048
1598804 735048
1598804 735048
1598864 735048
1598864 735048
1598864 735048
1589196 735048
1589256 735048
1589316 735048
1589196 735048
1589196 735048
1589316 735048
1593704 735048
1593704 735048
1593764 735048
1593764 735048
1593764 735048
1593764 735052
1593704 735052
1593764 735052
1593764 735052
1593764 735052
1593644 735052
1593644 735052
1593584 735052
1593644 735052
1593704 735052
1593764 735052
1593704 735052
1593644 735052
1593704 735052
1593704 735052
1593704 735052
1593704 735052
1593524 735052
1593704 735052
1593524 735052
1593584 735052
1593704 735052
1593584 735052
1593644 735052
1593524 735052
1593584 735052
1593644 735052
1590284 735052
1590344 735052
1590164 735052
1590284 735052
1585288 735052
1585228 735056
1585288 735056
1588004 735056
1588064 735056
1588004 735056
1588004 735056
1588064 735056
1588004 735056
1588064 735056
1588064 735056
1588064 735056
1588064 735056
1588004 735056
1588004 735056
1587944 735056
1588004 735056
1588004 735056
1588004 735056
1588004 735056
1587792 735056
1585136 735056
1585076 735056
1585016 735056
1584288 735056
1587700 735056
1587760 735056
1587760 735056
1587820 735056
1587700 735056
1587700 735056
1587700 735056
1587804 735056
1587684 735056
1587504 735104
1585192 735104
1585252 735104
1587488 735104
1587608 735104
1584800 735104
1584800 735104
1583952 735104
1587428 735104
1587608 735104
1587608 735104
1587548 735104
1587488 735104
1587548 735104
1587548 735104
1587548 735104
1587488 735104
1587548 735104
1587548 735104
1587548 735104
1587488 735104
1587428 735104
1587488 735104
1587548 735104
1587548 735104
1587548 735104
1587488 735104
1587488 735104
1587488 735104
1587488 735104
1587488 735104
1587488 735104
1587368 735176
1587248 735176
1587368 735176
1587308 735176
1587368 735176
1587368 735176
1587248 735176
1587308 735176
1587368 735176
1587308 735176
1587248 735176
1587308 735176
1587308 735176
1587308 735176
1587308 735176
1587308 735176
1587308 735176
1587188 735176
1587308 735176
1587308 735176
1587248 735176
1587248 735176
1587308 735176
1587248 735176
1587248 735176
1587248 735176
1587128 735176
1587248 735176
1587188 735176
1587248 735176
1587248 735176
1587248 735176
1587248 735176
1587248 735176
1587248 735176
1587248 735176
1587188 735176
1587188 735176
1587188 735176
1587188 735176
1587188 735176
1587188 735176
1587128 735176
1587188 735176
1587128 735176
1587188 735176
1587128 735176
1587188 735176
1587128 735176
1587188 735176
1587188 735176
1587128 735176
1587188 735176
1587128 735176
1587128 735176
1587128 735176
1587128 735176
1587128 735176
1587068 735176
1587128 735176
1587128 735176
1587128 735176
1587068 735176
1587128 735176
1587068 735176
1587128 735176
1587068 735176
1587068 735176
1587068 735176
1587068 735176
1587068 735176
1587068 735176
1587068 735176
1587068 735176
1587008 735176
1587068 735176
1587008 735176
1587068 735176
1587068 735176
1587068 735176
1587068 735176
1587068 735176
1587008 735176
1587008 735176
1587008 735176
1587008 735176
1586948 735176
1587008 735176
1586948 735176
1587008 735176
1587008 735176
1587008 735176
1587008 735176
1587008 735176
1586948 735176
1587008 735176
1587008 735176
1586948 735176
1586948 735176
1586948 735176
1586888 735176
1586948 735176
1586888 735176
1586948 735176
1586948 735176
1586948 735176
1586948 735176
1586948 735176
1586888 735176
1586948 735176
1586888 735176
1586888 735176
1586888 735176
1586888 735176
1586888 735176
1586888 735176
1586888 735176
1586888 735176
1586828 735176
1586048 735236
1586048 735236
1586048 735236
1586048 735236
1586048 735236
1586048 735236
1586048 735236
1586048 735236
1586048 735236
1586048 735236
1585988 735236
1585988 735236
1586048 735236
1586048 735236
1586048 735236
1585988 735236
1585988 735236
1585988 735236
1585988 735236
1585928 735236
1585988 735236
1585928 735236
1585988 735236
1585928 735236
1585928 735236
1585988 735236
1585988 735236
1585928 735236
1585988 735236
1585988 735236
1585928 735236
1585928 735236
1585928 735236
1585928 735236
1585988 735236
1585868 735236
1585928 735236
1585868 735236
1585928 735236
1585868 735236
1585868 735236
1585868 735236
1585928 735236
1585928 735236
1585928 735236
1585928 735236
1585868 735236
1585868 735236
1585868 735236
1585808 735236
1585868 735236
1585868 735236
1585868 735236
1585808 735236
1585868 735236
1585808 735236
1585868 735236
1585808 735236
1585868 735236
1585808 735236
1585808 735236
1585868 735236
1585808 735236
1585808 735236
1585808 735236
1585748 735236
1585808 735236
1585808 735236
1585808 735236
1585808 735236
1585808 735236
1585808 735236
1585748 735236
1585748 735236
1585808 735236
1585748 735236
1585748 735236
1585748 735236
1585748 735236
1585688 735236
1585748 735236
1585688 735236
1585748 735236
1585688 735236
1585748 735236
1585748 735236
1585748 735236
1585688 735236
1585748 735236
1585688 735236
1585688 735236
1585748 735236
1585688 735236
1585688 735236
1585688 735236
1585688 735236
1585688 735236
1585688 735236
1585688 735236
1585688 735236
1585568 735236
1585688 735236
1585688 735236
1585628 735236
1585688 735236
1585688 735236
1585628 735236
1585628 735236
1585628 735236
1585568 735236
1585628 735236
1585508 735236
1585628 735236
1585628 735236
1585628 735236
1585568 735236
1585628 735236
1585568 735236
1585568 735236
1585568 735236
1585568 735236
1585568 735236
1585568 735236
1585508 735236
1585568 735236
1585508 735236
1585568 735236
1585568 735236
1585568 735236
1585508 735236
1585568 735236
1585508 735236
1585568 735236
1585568 735236
1585508 735236
1585508 735236
1585508 735236
1585508 735236
1585448 735236
1585508 735236
1585448 735236
1585508 735236
1585388 735236
1585448 735236
1585508 735236
1585448 735236
1585508 735236
1585508 735236
1585508 735236
1585508 735236
1585448 735236
1585448 735236
1585448 735236
1585448 735236
1585448 735236
1585448 735236
1585448 735236
1585448 735236
1585448 735236
1585388 735236
1585448 735236
1585448 735236
1585448 735236
1585448 735236
1585388 735236
1585388 735236
1585388 735236
1585388 735236
1585388 735236
1585388 735236
1585388 735236
1585388 735236
1585388 735236
1585388 735236
1585388 735236
1585388 735236
1585388 735236
1585388 735236
1585328 735236
1585388 735236
1585328 735236
1585328 735236
1585328 735236
1585328 735236
1585328 735236
1585268 735236
1585268 735236
1585328 735236
1585268 735236
1585328 735236
1585268 735236
1585328 735236
1585328 735236
1585328 735236
1585268 735236
1585268 735236
1585268 735236
1585268 735236
1585268 735236
1585268 735236
1585268 735236
1585268 735236
1585268 735236
1585208 735236
1585268 735236
1585268 735236
1585268 735236
1585268 735236
1585208 735236
1585208 735236
1585208 735236
1585208 735236
1585268 735236
1585208 735236
1585088 735236
1585208 735236
1585148 735236
1585208 735236
1585148 735236
1585208 735236
1585208 735236
1585208 735236
1585148 735236
1585148 735236
1585148 735236
1585148 735236
1585088 735236
1585148 735236
1585088 735236
1585148 735236
1585088 735236
1585148 735236
1585148 735236
1585148 735236
1585088 735236
1585088 735236
1585148 735236
1585088 735236
1585088 735236
1585088 735236
1585088 735236
1585088 735236
1585088 735236
1585088 735236
1585088 735236
1585088 735236
1585088 735236
1585088 735236
1585088 735236
1585088 735236
1585088 735236
1585028 735236
1585088 735236
1585028 735236
1585028 735236
1585028 735236
1585028 735236
1585028 735236
1585028 735236
1585028 735236
1584968 735236
1585028 735236
1585028 735236
1585028 735236
1585028 735236
1585028 735236
1584968 735236
1584968 735236
1584968 735236
1584968 735236
1584968 735236
1584968 735236
1584848 735236
1584968 735236
1584968 735236
1584968 735236
1584908 735236
1584968 735236
1584968 735236
1584908 735236
1584968 735236
1584908 735236
1584908 735236
1584908 735236
1584848 735236
1584908 735236
1584908 735236
1584848 735236
1584908 735236
1584848 735236
1584908 735236
1584908 735236
1584848 735236
1584848 735236
1584908 735236
1584908 735236
1584848 735236
1584848 735236
1584848 735236
1584848 735236
1584788 735236
1584848 735236
1584848 735236
1584848 735236
1584788 735236
1584848 735236
1584848 735236
1584848 735236
1584788 735236
1584848 735236
1584788 735236
1584788 735236
1584788 735236
1584788 735236
1584788 735236
1584788 735236
1584728 735236
1584788 735236
1584788 735236
1584788 735236
1584788 735236
1584788 735236
1584728 735236
1584788 735236
1584728 735236
1584728 735236
1584728 735236
1584728 735236
1584728 735236
1584728 735236
1584728 735236
1584728 735236
1584668 735236
1584728 735236
1584728 735236
1584728 735236
1584668 735236
1584728 735236
1584668 735236
1584668 735236
1584668 735236
1584668 735236
1584608 735236
1584668 735236
1584668 735236
1584668 735236
1584728 735236
1584668 735236
1584668 735236
1584668 735236
1584668 735236
1584668 735236
1584608 735236
1584608 735236
1584608 735236
1584668 735236
1584608 735236
1584548 735236
1584608 735236
1584608 735236
1584548 735236
1584608 735236
1584548 735236
1584608 735236
1584608 735236
1584608 735236
1584608 735236
1584608 735236
1584548 735236
1584608 735236
1584608 735236
1584548 735236
1584548 735236
1584548 735236
1584488 735236
1584548 735236
1584488 735236
1584548 735236
1584488 735236
1584548 735236
1584368 735236
1584488 735236
1584428 735236
1584548 735236
1584428 735236
1584548 735236
1584428 735236
1584488 735236
1584488 735236
1584488 735236
1584428 735236
1584428 735236
1584428 735236
1584488 735236
1584428 735236
1584488 735236
1584428 735236
1584488 735236
1584428 735236
1584488 735236
1584428 735236
1584428 735236
1584428 735236
1584428 735236
1584488 735236
1584428 735236
1584368 735236
1584428 735236
1584428 735236
1584428 735236
1584428 735236
1584428 735236
1584368 735236
1584368 735236
1584428 735236
1584428 735236
1584368 735236
1584308 735236
1584368 735236
1584368 735236
1584368 735236
1584368 735236
1584308 735236
1584368 735236
1584308 735236
1584368 735236
1584368 735236
1584308 735236
1584308 735236
1584248 735236
1584188 735236
1584248 735236
1584248 735236
1584248 735236
1584188 735236
1584248 735236
1584188 735236
1584248 735236
1584248 735236
1584248 735236
1584188 735236
1584188 735236
1584188 735236
1584188 735236
1584128 735236
1584188 735236
1584188 735236
1584188 735236
1584128 735236
1584188 735236
1584128 735236
1584188 735236
1584188 735236
1584128 735236
1584188 735236
1584128 735236
1584128 735236
1584128 735236
1584128 735236
1584128 735236
1584128 735236
1584068 735236
1584128 735236
1584128 735236
1584068 735236
1584128 735236
1584128 735236
1584068 735236
1584128 735236
1584068 735236
1584068 735236
1584068 735236
1584068 735236
1584068 735236
1584008 735236
1584068 735236
1584008 735236
1584068 735236
1583948 735236
1584068 735236
1584068 735236
1584068 735236
1584068 735236
1584008 735236
1584068 735236
1584008 735236
1583948 735236
1584008 735236
1584008 735236
1584008 735236
1583948 735236
1583948 735236
1583948 735236
1584008 735236
1584008 735236
1583888 735236
1584008 735236
1584008 735236
1583948 735236
1583948 735236
1583948 735236
1583888 735236
1583948 735236
1583948 735236
1583888 735236
1583948 735236
1583948 735236
1583948 735236
1583888 735236
1583948 735236
1583888 735236
1583888 735236
1583948 735236
1583888 735236
1583948 735236
1583888 735236
1583888 735236
1583888 735236
1583888 735236
1583888 735236
1583888 735236
1583888 735236
1583828 735236
1583888 735236
1583888 735236
1583888 735236
1583888 735236
1583888 735236
1583888 735236
1583888 735236
1583888 735236
1583828 735236
1583828 735236
1583828 735236
1583888 735236
1583828 735236
1583768 735236
1583828 735236
1583768 735236
1583828 735236
1583768 735236
1583828 735236
1583828 735236
1583828 735236
1583768 735236
1583828 735236
1583828 735236
1583768 735236
1583768 735236
1583768 735236
1583768 735236
1583768 735236
1583708 735236
1583768 735236
1583708 735236
1583768 735236
1583768 735236
1583768 735236
1583768 735236
1583768 735236
1583708 735236
1583708 735236
1583768 735236
1583648 735236
1583708 735236
1583708 735236
1583708 735236
1578428 736068
1570840 737504
1570960 737504
1570900 737504
1572424 737544
1572424 737544
1569932 737544
1569932 737544
1572168 737544
1572228 737544
1572168 737544
1572168 737544
1572168 737544
1572228 737544
1572108 737544
1572108 737544
1572108 737544
1572168 737544
1572108 737544
1572168 737544
1572108 737544
1572168 737544
1572108 737544
1572108 737544
1572168 737544
1572048 737544
1572108 737544
1572048 737544
1572108 737544
1572168 737544
1572048 737544
1571988 737624
1571928 737624
1571928 737624
1571928 737624
1572048 737624
1571988 737624
1572048 737624
1572048 737624
1571988 737624
1572048 737624
1572048 737624
1571928 737624
1571852 737624
1571972 737624
1571972 737624
1572152 737624
1571972 737624
1571852 737624
1571852 737624
1571912 737624
1571972 737624
1571852 737624
1571852 737624
1571792 737624
1571792 737624
1571792 737624
1571792 737624
1571792 737624
1571852 737624
1571912 737624
1571792 737624
1571912 737624
1571732 737624
1571792 737624
1571792 737624
1571732 737624
1571792 737624
1571852 737624
1571792 737624
1571732 737624
1571852 737624
1571732 737624
1571732 737624
1571852 737624
1571792 737624
1571732 737624
1571852 737624
1571732 737624
1571732 737624
1571792 737624
1571732 737624
1571792 737624
1571672 737624
1571672 737624
1571672 737624
1571792 737624
1571672 737624
1571672 737624
1571792 737624
1568836 737624
1568896 737624
1568896 737624
1571672 737624
1571612 737624
1571672 737624
1571672 737624
1571732 737624
1571672 737624
1571612 737624
1571612 737624
1571672 737624
1571612 737632
1571552 737632
1571552 737632
1571492 737632
1568684 737632
1568684 737632
1568624 737632
1571640 737632
1571520 737632
1571400 737632
1571640 737632
1571400 737632
1569944 737632
1568624 737632
1568624 737632
1571400 737632
1571400 737632
1571400 737632
1571460 737632
1571340 737632
1571400 737632
1571460 737632
1571400 737632
1571400 737632
1571400 737632
1571700 737632
1571400 737632
1571640 737632
1571340 737632
1571340 737632
1571340 737632
1571340 737632
1571340 737632
1571340 737632
1571460 737632
1571340 737632
1571340 737632
1571400 737632
1571400 737632
1571280 737632
1571280 737644
1571340 737644
1571220 737644
1571340 737644
1571220 737644
1571340 737644
1571220 737644
1571280 737644
1571220 737644
1571340 737644
1571340 737644
1571280 737644
1571280 737644
1571112 737644
1571232 737644
1571172 737644
1571052 737644
1571172 737644
1571472 737644
1571292 737644
1571172 737644
1571112 737644
1568336 737644
1568276 737644
1571052 737644
1571052 737644
1571112 737644
1571112 737644
1571112 737644
1570992 737644
1570992 737644
1571052 737644
1571112 737644
1571052 737644
1570992 737644
1570992 737644
1570992 737644
1570992 737644
1571112 737644
1570992 737644
1569176 737644
1568156 737644
1570992 737644
1570932 737644
1570932 737644
1570932 737644
1570992 737644
1570932 737644
1570932 737644
1571232 737644
1570932 737644
1570932 737644
1570932 737644
1570872 737644
1570932 737644
1568032 737644
1568032 737644
1570900 737644
1570840 737644
1570840 737644
1570900 737644
1570900 737644
1570960 737644
1570840 737644
1570840 737644
1570840 737644
1570900 737644
1570960 737644
1570840 737644
1570840 737644
1570840 737644
1570780 737644
1570840 737644
1570840 737644
1571200 737644
1570780 737644
1570780 737644
1570780 737644
1570780 737644
1570780 737644
1570720 737644
1570900 737644
1570840 737644
1570840 737644
1570780 737644
1570840 737644
1570780 737644
1570720 737644
1570780 737644
1570600 737644
1570660 737644
1570720 737644
1570660 737644
1570600 737644
1570600 737644
1570660 737644
1570540 737644
1570600 737644
1570540 737644
1570600 737644
1567732 737644
1567672 737644
1570900 737644
1570540 737644
1570540 737644
1570540 737644
1570900 737644
1570540 737644
1570600 737644
1570600 737644
1570600 737644
1570540 737644
1570420 737668
1570360 737668
1570420 737668
1570360 737668
1570360 737668
1570420 737668
1570360 737668
1570420 737668
1570360 737668
1570420 737668
1570360 737668
1570360 737668
1570420 737668
1570480 737668
1570360 737668
1570360 737668
1570300 737668
1570360 737668
1570420 737668
1570300 737668
1570300 737668
1570300 737668
1570420 737668
1570180 737668
1570120 737668
1570180 737668
1570060 737668
1570120 737668
1570420 737668
1570120 737668
1570180 737668
1570120 737668
1567252 737668
1567252 737668
1570208 737668
1570328 737668
1570448 737668
1570088 737668
1570088 737668
1570088 737668
1570028 737668
1570028 737668
1570028 737668
1570088 737668
1569968 737668
1570028 737668
1569968 737668
1570088 737668
1531424 737692
1556116 737764
1556116 737764
1556116 737764
1556116 737764
1556116 737764
1556056 737764
1556116 737764
1556056 737764
1556116 737764
1556056 737764
1556056 737764
1556056 737764
1556056 737764
1556056 737764
1556116 737764
1556056 737764
1556116 737764
1556416 737764
1555996 737764
1556116 737764
1556056 737764
1555996 737764
1555996 737764
1555996 737764
1555996 737764
1552392 737764
1555964 737764
1555964 737764
1555964 737764
1555964 737764
1555904 737764
1553128 737764
1553188 737764
1555904 737764
1555964 737764
1555964 737764
1556084 737764
1555964 737764
1555904 737764
1555964 737764
1555844 737764
1555964 737764
1555844 737764
1555844 737764
1555844 737764
1555904 737764
1556024 737764
1555964 737764
1555844 737764
1556084 737764
1553068 737764
1553188 737764
1553368 737764
1555844 737764
1555844 737764
1555812 737764
1553268 737764
1555812 737764
1555752 737764
1555872 737764
1555812 737764
1555872 737764
1555752 737764
1555752 737764
1555812 737764
1555812 737764
1555752 737764
1555752 737764
1555692 737764
1555752 737764
1555752 737764
1555752 737764
1555752 737764
1555872 737764
1556172 737764
1555752 737764
1555692 737764
1555752 737764
1555692 737764
1555692 737764
1555692 737764
1555692 737764
1555692 737764
1555692 737764
1555692 737764
1556020 737764
1555600 737764
1555720 737764
1555660 737764
1555660 737764
1555660 737764
1555720 737764
1555720 737764
1555660 737764
1555600 737764
1555660 737764
1555660 737764
1555720 737764
1555660 737764
1555600 737764
1555600 737764
1555600 737764
1555540 737764
1555600 737764
1555600 737764
1555600 737764
1555540 737764
1555600 737764
1555840 737764
1555540 737764
1555540 737764
1555660 737764
1555600 737764
1555900 737764
1555480 737776
1553644 737996
1553644 737996
1553704 737996
1553704 737996
1555312 737996
1555192 737996
1555192 737996
1555192 737996
1555252 737996
1555192 737996
1555252 737996
1555132 737996
1555192 737996
1555552 737996
1555192 737996
1552356 737996
1555192 737996
1555192 737996
1555132 737996
1553196 737996
1555132 737996
1555132 737996
1555132 737996
1555072 737996
1555132 737996
1555132 737996
1555132 737996
1551688 737996
1555040 737996
1555040 737996
1555040 737996
1555040 737996
1555040 737996
1555040 737996
1555040 737996
1555040 737996
1555100 737996
1555040 737996
1554980 737996
1555100 737996
1555040 737996
1555040 737996
1554980 737996
1555040 737996
1554980 737996
1554980 737996
1554980 737996
1554980 737996
1552496 737996
1554980 737996
1554980 737996
1555340 737996
1555040 737996
1555220 737996
1555040 737996
1555040 737996
1554860 737996
1555040 737996
1554920 737996
1554920 737996
1554980 737996
1554920 737996
1554860 737996
1554860 738004
1554860 738004
1554860 738004
1554980 738004
1554812 738004
1554804 738004
1554804 738004
1554744 738004
1554744 738004
1554804 738008
1554744 738008
1554804 738008
1554804 738008
1554864 738008
1555044 738008
1554684 738008
1554744 738008
1554684 738008
1554684 738008
1554804 738008
